Arguments: 
  /Users/pengshouhua/.n/bin/node /usr/local/Cellar/yarn/1.22.15/libexec/bin/yarn.js

PATH: 
  /usr/local/opt/libpq/bin:/usr/local/opt/openjdk/bin:/Users/pengshouhua/.n/bin:/bin:/usr/local/opt/mysql-client/bin:/usr/local/bin:/usr/bin:/bin:/usr/sbin:/sbin:/usr/local/share/dotnet:~/.dotnet/tools:/Library/Apple/usr/bin:/Library/Frameworks/Mono.framework/Versions/Current/Commands:/usr/local/opt/libpq/bin:/usr/local/opt/openjdk/bin:/Users/pengshouhua/.n/bin:/usr/local/opt/mysql-client/bin

Yarn version: 
  1.22.15

Node version: 
  16.10.0

Platform: 
  darwin x64

Trace: 
  Error: https://registry.npmjs.org/fakevite: Not found
      at Request.params.callback [as _callback] (/usr/local/Cellar/yarn/1.22.15/libexec/lib/cli.js:67031:18)
      at Request.self.callback (/usr/local/Cellar/yarn/1.22.15/libexec/lib/cli.js:140885:22)
      at Request.emit (node:events:390:28)
      at Request.<anonymous> (/usr/local/Cellar/yarn/1.22.15/libexec/lib/cli.js:141857:10)
      at Request.emit (node:events:390:28)
      at IncomingMessage.<anonymous> (/usr/local/Cellar/yarn/1.22.15/libexec/lib/cli.js:141779:12)
      at Object.onceWrapper (node:events:509:28)
      at IncomingMessage.emit (node:events:402:35)
      at endReadableNT (node:internal/streams/readable:1343:12)
      at processTicksAndRejections (node:internal/process/task_queues:83:21)

npm manifest: 
  {
    "name": "fakevitebuild",
    "version": "1.0.0",
    "description": "",
    "main": "index.js",
    "scripts": {
      "test": "echo \"Error: no test specified\" && exit 1",
      "build": "fakevite build"
    },
    "keywords": [],
    "author": "",
    "license": "ISC",
    "dependencies": {
      "fakevite": "^1.0.0",
      "vue": "^3.2.22"
    }
  }

yarn manifest: 
  No manifest

Lockfile: 
  No lockfile
